2023-07-13 23:37:26 [main] INFO  Main:30 - Во избежании проблем советую приготовить огнетушитель
2023-07-13 23:37:26 [main] INFO  Main:31 - Приятной DDOS атаки!
2023-07-13 23:37:26 [main] DEBUG Service.Config:22 - Файл найден
2023-07-13 23:37:26 [main] DEBUG Service.Config:33 - RouteName=20::NumberOfCars=6::MovementInterval=30::Update Frequency=15::Speed=70.0
2023-07-13 23:37:26 [main] DEBUG Service.Config:34 - Настройки успешно прочитаны
2023-07-13 23:37:26 [main] DEBUG Service.Config:36 - 1
2023-07-13 23:37:26 [main] ERROR Service.Config:72 - src\main\java\resources\config.json (Системе не удается найти указанный путь)
2023-07-13 23:38:14 [main] INFO  Main:29 - Эмулятор транспорта версия 1
2023-07-13 23:38:14 [main] INFO  Main:30 - Во избежании проблем советую приготовить огнетушитель
2023-07-13 23:38:14 [main] INFO  Main:31 - Приятной DDOS атаки!
2023-07-13 23:38:14 [main] DEBUG Service.Config:22 - Файл найден
2023-07-13 23:38:14 [main] DEBUG Service.Config:33 - RouteName=20::NumberOfCars=6::MovementInterval=30::Update Frequency=15::Speed=70.0
2023-07-13 23:38:14 [main] DEBUG Service.Config:34 - Настройки успешно прочитаны
2023-07-13 23:38:14 [main] DEBUG Service.Config:36 - 1
2023-07-13 23:38:46 [main] INFO  Main:29 - Эмулятор транспорта версия 1
2023-07-13 23:38:46 [main] INFO  Main:30 - Во избежании проблем советую приготовить огнетушитель
2023-07-13 23:38:46 [main] INFO  Main:31 - Приятной DDOS атаки!
2023-07-13 23:38:46 [main] DEBUG Service.Config:22 - Файл найден
2023-07-13 23:38:46 [main] DEBUG Service.Config:33 - RouteName=20::NumberOfCars=6::MovementInterval=30::Update Frequency=15::Speed=70.0
2023-07-13 23:38:46 [main] DEBUG Service.Config:34 - Настройки успешно прочитаны
2023-07-13 23:38:46 [main] DEBUG Service.Config:36 - 1
2023-07-13 23:39:41 [main] INFO  Main:29 - Эмулятор транспорта версия 1
2023-07-13 23:39:42 [main] INFO  Main:30 - Во избежании проблем советую приготовить огнетушитель
2023-07-13 23:39:42 [main] INFO  Main:31 - Приятной DDOS атаки!
2023-07-13 23:39:42 [main] DEBUG Service.Config:22 - Файл найден
2023-07-13 23:39:42 [main] DEBUG Service.Config:33 - RouteName=20::NumberOfCars=6::MovementInterval=30::Update Frequency=15::Speed=70.0
2023-07-13 23:39:42 [main] DEBUG Service.Config:34 - Настройки успешно прочитаны
2023-07-13 23:39:42 [main] DEBUG Service.Config:36 - 1
2023-07-14 00:53:14 [main] INFO  Main:30 - Эмулятор транспорта версия 1
2023-07-14 00:53:14 [main] INFO  Main:31 - Во избежании проблем советую приготовить огнетушитель
2023-07-14 00:53:14 [main] INFO  Main:32 - Приятной DDOS атаки!
2023-07-14 00:53:14 [main] DEBUG Service.Config:22 - Файл найден
2023-07-14 00:53:14 [main] DEBUG Service.Config:33 - RouteName=20::NumberOfCars=6::MovementInterval=30::Update Frequency=15::Speed=70.0
2023-07-14 00:53:14 [main] DEBUG Service.Config:34 - Настройки успешно прочитаны
2023-07-14 00:53:14 [main] DEBUG Service.Config:36 - 1
2023-07-14 00:53:44 [main] INFO  Main:30 - Эмулятор транспорта версия 1
2023-07-14 00:53:44 [main] INFO  Main:31 - Во избежании проблем советую приготовить огнетушитель
2023-07-14 00:53:44 [main] INFO  Main:32 - Приятной DDOS атаки!
2023-07-14 00:53:44 [main] DEBUG Service.Config:22 - Файл найден
2023-07-14 00:53:44 [main] DEBUG Service.Config:33 - RouteName=20::NumberOfCars=6::MovementInterval=30::Update Frequency=15::Speed=70.0
2023-07-14 00:53:44 [main] DEBUG Service.Config:34 - Настройки успешно прочитаны
2023-07-14 00:53:44 [main] DEBUG Service.Config:36 - 1
2023-07-14 00:54:00 [main] INFO  Main:30 - Эмулятор транспорта версия 1
2023-07-14 00:54:00 [main] INFO  Main:31 - Во избежании проблем советую приготовить огнетушитель
2023-07-14 00:54:00 [main] INFO  Main:32 - Приятной DDOS атаки!
2023-07-14 00:54:00 [main] DEBUG Service.Config:22 - Файл найден
2023-07-14 00:54:00 [main] DEBUG Service.Config:33 - RouteName=20::NumberOfCars=6::MovementInterval=30::Update Frequency=15::Speed=70.0
2023-07-14 00:54:00 [main] DEBUG Service.Config:34 - Настройки успешно прочитаны
2023-07-14 00:54:00 [main] DEBUG Service.Config:36 - 1
2023-07-14 19:43:10 [main] INFO  Main:31 - Эмулятор транспорта версия 1
2023-07-14 19:43:10 [main] INFO  Main:32 - Во избежании проблем советую приготовить огнетушитель
2023-07-14 19:43:10 [main] INFO  Main:33 - Приятной DDOS атаки!
2023-07-14 19:44:34 [main] INFO  Main:31 - Эмулятор транспорта версия 1
2023-07-14 19:44:34 [main] INFO  Main:32 - Во избежании проблем советую приготовить огнетушитель
2023-07-14 19:44:34 [main] INFO  Main:33 - Приятной DDOS атаки!
2023-07-14 19:44:34 [main] DEBUG Service.AccountCSVReader:42 - Логин: 7 000 000-00-01, Пароль: 1111
2023-07-14 19:44:34 [main] DEBUG Service.AccountCSVReader:42 - Логин: 7 000 000-00-02, Пароль: 1111
2023-07-14 19:44:34 [main] DEBUG Service.AccountCSVReader:42 - Логин: 7 000 000-00-03, Пароль: 1111
2023-07-14 19:44:34 [main] DEBUG Service.AccountCSVReader:42 - Логин: 7 000 000-00-04, Пароль: 1111
2023-07-14 19:44:34 [main] DEBUG Service.AccountCSVReader:42 - Логин: 7 000 000-00-05, Пароль: 1111
2023-07-14 19:44:34 [main] DEBUG Service.AccountCSVReader:42 - Логин: 7 000 000-00-06, Пароль: 1111
2023-07-14 19:44:34 [main] DEBUG Service.AccountCSVReader:42 - Логин: 7 421 000-05-33, Пароль: 1234
2023-07-14 19:44:34 [main] DEBUG Service.AccountCSVReader:42 - Логин: 7 421 000-05-85, Пароль: 1234
2023-07-14 19:44:34 [main] DEBUG Service.AccountCSVReader:42 - Логин: 7 421 000-05-99, Пароль: 1234
2023-07-14 19:44:34 [main] DEBUG Service.AccountCSVReader:42 - Логин: 7 421 000-06-92, Пароль: 1234
2023-07-14 19:44:34 [main] DEBUG Service.AccountCSVReader:42 - Логин: 7 421 000-07-97, Пароль: 1234
2023-07-14 19:44:34 [main] DEBUG Service.AccountCSVReader:42 - Логин: 7 421 000-00-41, Пароль: 1234
2023-07-14 19:44:34 [main] DEBUG Service.AccountCSVReader:42 - Логин: 7 421 000-04-22, Пароль: 1234
2023-07-14 19:44:34 [main] DEBUG Service.AccountCSVReader:42 - Логин: 7 421 000-01-01, Пароль: 1234
2023-07-14 19:44:34 [main] DEBUG Service.AccountCSVReader:42 - Логин: 7 421 000-02-63, Пароль: 1234
2023-07-14 19:44:34 [main] DEBUG Service.AccountCSVReader:42 - Логин: 7 421 000-02-70, Пароль: 1234
2023-07-14 19:44:34 [main] DEBUG Service.AccountCSVReader:42 - Логин: 7 421 000-02-89, Пароль: 1234
2023-07-14 19:44:34 [main] DEBUG Service.AccountCSVReader:42 - Логин: 7 421 000-03-02, Пароль: 1234
2023-07-14 19:44:34 [main] DEBUG Service.AccountCSVReader:42 - Логин: 7 421 000-04-31, Пароль: 1234
2023-07-14 19:44:41 [main] DEBUG Requests:54 - https://devsrv.ru/api/v1/driver/auth/login  {"phone":"7 000 000-00-01","pin_code":"1111"}
2023-07-14 19:44:44 [main] DEBUG Requests:70 - Статус сервера: 200
2023-07-14 19:44:44 [main] DEBUG Requests:83 - Запрос прошел удачно
2023-07-14 19:44:44 [main] DEBUG Requests:102 - {"result":{"user":{"id":9,"name":"Евгений Добрый","phone":"0000000001","pin_code":"1111","published":1,"created_at":"2023-02-02T08:16:29.000000Z","updated_at":"2023-02-14T05:10:38.000000Z"},"token":"848|mkqkRou8C44SYsZ2inINyOY4nYCkPv6h1uTWSJ5A"}}
2023-07-14 19:45:47 [main] INFO  Main:31 - Эмулятор транспорта версия 1
2023-07-14 19:45:47 [main] INFO  Main:32 - Во избежании проблем советую приготовить огнетушитель
2023-07-14 19:45:47 [main] INFO  Main:33 - Приятной DDOS атаки!
2023-07-14 19:45:47 [main] DEBUG Service.AccountCSVReader:42 - Логин: 7 000 000-00-01, Пароль: 1111
2023-07-14 19:45:47 [main] DEBUG Service.AccountCSVReader:42 - Логин: 7 000 000-00-02, Пароль: 1111
2023-07-14 19:45:47 [main] DEBUG Service.AccountCSVReader:42 - Логин: 7 000 000-00-03, Пароль: 1111
2023-07-14 19:45:47 [main] DEBUG Service.AccountCSVReader:42 - Логин: 7 000 000-00-04, Пароль: 1111
2023-07-14 19:45:47 [main] DEBUG Service.AccountCSVReader:42 - Логин: 7 000 000-00-05, Пароль: 1111
2023-07-14 19:45:47 [main] DEBUG Service.AccountCSVReader:42 - Логин: 7 000 000-00-06, Пароль: 1111
2023-07-14 19:45:47 [main] DEBUG Service.AccountCSVReader:42 - Логин: 7 421 000-05-33, Пароль: 1234
2023-07-14 19:45:47 [main] DEBUG Service.AccountCSVReader:42 - Логин: 7 421 000-05-85, Пароль: 1234
2023-07-14 19:45:47 [main] DEBUG Service.AccountCSVReader:42 - Логин: 7 421 000-05-99, Пароль: 1234
2023-07-14 19:45:47 [main] DEBUG Service.AccountCSVReader:42 - Логин: 7 421 000-06-92, Пароль: 1234
2023-07-14 19:45:47 [main] DEBUG Service.AccountCSVReader:42 - Логин: 7 421 000-07-97, Пароль: 1234
2023-07-14 19:45:47 [main] DEBUG Service.AccountCSVReader:42 - Логин: 7 421 000-00-41, Пароль: 1234
2023-07-14 19:45:47 [main] DEBUG Service.AccountCSVReader:42 - Логин: 7 421 000-04-22, Пароль: 1234
2023-07-14 19:45:47 [main] DEBUG Service.AccountCSVReader:42 - Логин: 7 421 000-01-01, Пароль: 1234
2023-07-14 19:45:47 [main] DEBUG Service.AccountCSVReader:42 - Логин: 7 421 000-02-63, Пароль: 1234
2023-07-14 19:45:47 [main] DEBUG Service.AccountCSVReader:42 - Логин: 7 421 000-02-70, Пароль: 1234
2023-07-14 19:45:47 [main] DEBUG Service.AccountCSVReader:42 - Логин: 7 421 000-02-89, Пароль: 1234
2023-07-14 19:45:47 [main] DEBUG Service.AccountCSVReader:42 - Логин: 7 421 000-03-02, Пароль: 1234
2023-07-14 19:45:47 [main] DEBUG Service.AccountCSVReader:42 - Логин: 7 421 000-04-31, Пароль: 1234
2023-07-14 19:45:53 [main] DEBUG Requests:54 - https://devsrv.ru/api/v1/driver/auth/login  {"phone":"7 000 000-00-01","pin_code":"1111"}
2023-07-14 19:45:55 [main] DEBUG Requests:70 - Статус сервера: 200
2023-07-14 19:45:55 [main] DEBUG Requests:83 - Запрос прошел удачно
2023-07-14 19:45:55 [main] DEBUG Requests:102 - {"result":{"user":{"id":9,"name":"Евгений Добрый","phone":"0000000001","pin_code":"1111","published":1,"created_at":"2023-02-02T08:16:29.000000Z","updated_at":"2023-02-14T05:10:38.000000Z"},"token":"849|joJAO0p3L08WIO4fOAGfASmmIdQLIKBQ417LUDwE"}}
2023-07-14 19:47:24 [main] INFO  Main:31 - Эмулятор транспорта версия 1
2023-07-14 19:47:24 [main] INFO  Main:32 - Во избежании проблем советую приготовить огнетушитель
2023-07-14 19:47:24 [main] INFO  Main:33 - Приятной DDOS атаки!
2023-07-14 19:47:24 [main] DEBUG Service.AccountCSVReader:42 - Логин: 7 000 000-00-01, Пароль: 1111
2023-07-14 19:47:24 [main] DEBUG Service.AccountCSVReader:42 - Логин: 7 000 000-00-02, Пароль: 1111
2023-07-14 19:47:24 [main] DEBUG Service.AccountCSVReader:42 - Логин: 7 000 000-00-03, Пароль: 1111
2023-07-14 19:47:24 [main] DEBUG Service.AccountCSVReader:42 - Логин: 7 000 000-00-04, Пароль: 1111
2023-07-14 19:47:24 [main] DEBUG Service.AccountCSVReader:42 - Логин: 7 000 000-00-05, Пароль: 1111
2023-07-14 19:47:24 [main] DEBUG Service.AccountCSVReader:42 - Логин: 7 000 000-00-06, Пароль: 1111
2023-07-14 19:47:24 [main] DEBUG Service.AccountCSVReader:42 - Логин: 7 421 000-05-33, Пароль: 1234
2023-07-14 19:47:24 [main] DEBUG Service.AccountCSVReader:42 - Логин: 7 421 000-05-85, Пароль: 1234
2023-07-14 19:47:24 [main] DEBUG Service.AccountCSVReader:42 - Логин: 7 421 000-05-99, Пароль: 1234
2023-07-14 19:47:24 [main] DEBUG Service.AccountCSVReader:42 - Логин: 7 421 000-06-92, Пароль: 1234
2023-07-14 19:47:24 [main] DEBUG Service.AccountCSVReader:42 - Логин: 7 421 000-07-97, Пароль: 1234
2023-07-14 19:47:24 [main] DEBUG Service.AccountCSVReader:42 - Логин: 7 421 000-00-41, Пароль: 1234
2023-07-14 19:47:24 [main] DEBUG Service.AccountCSVReader:42 - Логин: 7 421 000-04-22, Пароль: 1234
2023-07-14 19:47:24 [main] DEBUG Service.AccountCSVReader:42 - Логин: 7 421 000-01-01, Пароль: 1234
2023-07-14 19:47:24 [main] DEBUG Service.AccountCSVReader:42 - Логин: 7 421 000-02-63, Пароль: 1234
2023-07-14 19:47:24 [main] DEBUG Service.AccountCSVReader:42 - Логин: 7 421 000-02-70, Пароль: 1234
2023-07-14 19:47:24 [main] DEBUG Service.AccountCSVReader:42 - Логин: 7 421 000-02-89, Пароль: 1234
2023-07-14 19:47:24 [main] DEBUG Service.AccountCSVReader:42 - Логин: 7 421 000-03-02, Пароль: 1234
2023-07-14 19:47:24 [main] DEBUG Service.AccountCSVReader:42 - Логин: 7 421 000-04-31, Пароль: 1234
2023-07-14 19:47:39 [main] DEBUG Requests:54 - https://devsrv.ru/api/v1/driver/auth/login  {"phone":"7 000 000-00-01","pin_code":"1111"}
2023-07-14 19:47:42 [main] DEBUG Requests:70 - Статус сервера: 200
2023-07-14 19:47:42 [main] DEBUG Requests:83 - Запрос прошел удачно
2023-07-14 19:47:42 [main] DEBUG Requests:102 - {"result":{"user":{"id":9,"name":"Евгений Добрый","phone":"0000000001","pin_code":"1111","published":1,"created_at":"2023-02-02T08:16:29.000000Z","updated_at":"2023-02-14T05:10:38.000000Z"},"token":"850|REUUZiPzMchjAflZlFHDopgbJfivigR3ngMVKk2Q"}}
2023-07-14 19:50:49 [main] INFO  Main:31 - Эмулятор транспорта версия 1
2023-07-14 19:50:49 [main] INFO  Main:32 - Во избежании проблем советую приготовить огнетушитель
2023-07-14 19:50:49 [main] INFO  Main:33 - Приятной DDOS атаки!
2023-07-14 19:50:49 [main] DEBUG Service.AccountCSVReader:42 - Логин: 7 000 000-00-01, Пароль: 1111
2023-07-14 19:50:49 [main] DEBUG Service.AccountCSVReader:42 - Логин: 7 000 000-00-02, Пароль: 1111
2023-07-14 19:50:49 [main] DEBUG Service.AccountCSVReader:42 - Логин: 7 000 000-00-03, Пароль: 1111
2023-07-14 19:50:49 [main] DEBUG Service.AccountCSVReader:42 - Логин: 7 000 000-00-04, Пароль: 1111
2023-07-14 19:50:49 [main] DEBUG Service.AccountCSVReader:42 - Логин: 7 000 000-00-05, Пароль: 1111
2023-07-14 19:50:49 [main] DEBUG Service.AccountCSVReader:42 - Логин: 7 000 000-00-06, Пароль: 1111
2023-07-14 19:50:49 [main] DEBUG Service.AccountCSVReader:42 - Логин: 7 421 000-05-33, Пароль: 1234
2023-07-14 19:50:49 [main] DEBUG Service.AccountCSVReader:42 - Логин: 7 421 000-05-85, Пароль: 1234
2023-07-14 19:50:49 [main] DEBUG Service.AccountCSVReader:42 - Логин: 7 421 000-05-99, Пароль: 1234
2023-07-14 19:50:49 [main] DEBUG Service.AccountCSVReader:42 - Логин: 7 421 000-06-92, Пароль: 1234
2023-07-14 19:50:49 [main] DEBUG Service.AccountCSVReader:42 - Логин: 7 421 000-07-97, Пароль: 1234
2023-07-14 19:50:49 [main] DEBUG Service.AccountCSVReader:42 - Логин: 7 421 000-00-41, Пароль: 1234
2023-07-14 19:50:49 [main] DEBUG Service.AccountCSVReader:42 - Логин: 7 421 000-04-22, Пароль: 1234
2023-07-14 19:50:49 [main] DEBUG Service.AccountCSVReader:42 - Логин: 7 421 000-01-01, Пароль: 1234
2023-07-14 19:50:49 [main] DEBUG Service.AccountCSVReader:42 - Логин: 7 421 000-02-63, Пароль: 1234
2023-07-14 19:50:49 [main] DEBUG Service.AccountCSVReader:42 - Логин: 7 421 000-02-70, Пароль: 1234
2023-07-14 19:50:49 [main] DEBUG Service.AccountCSVReader:42 - Логин: 7 421 000-02-89, Пароль: 1234
2023-07-14 19:50:49 [main] DEBUG Service.AccountCSVReader:42 - Логин: 7 421 000-03-02, Пароль: 1234
2023-07-14 19:50:49 [main] DEBUG Service.AccountCSVReader:42 - Логин: 7 421 000-04-31, Пароль: 1234
2023-07-14 19:50:53 [main] DEBUG Requests:54 - https://devsrv.ru/api/v1/driver/auth/login  {"phone":"7 000 000-00-01","pin_code":"1111"}
2023-07-14 19:50:56 [main] DEBUG Requests:70 - Статус сервера: 200
2023-07-14 19:50:56 [main] DEBUG Requests:83 - Запрос прошел удачно
2023-07-14 19:50:56 [main] DEBUG Requests:102 - {"result":{"user":{"id":9,"name":"Евгений Добрый","phone":"0000000001","pin_code":"1111","published":1,"created_at":"2023-02-02T08:16:29.000000Z","updated_at":"2023-02-14T05:10:38.000000Z"},"token":"851|2WhZK1m7kdcqmVDZDJTrTNT1h68FInvnJh0KZQMu"}}
2023-07-14 19:52:19 [main] INFO  Main:31 - Эмулятор транспорта версия 1
2023-07-14 19:52:19 [main] INFO  Main:32 - Во избежании проблем советую приготовить огнетушитель
2023-07-14 19:52:19 [main] INFO  Main:33 - Приятной DDOS атаки!
2023-07-14 19:52:19 [main] DEBUG Service.AccountCSVReader:42 - Логин: 7 000 000-00-01, Пароль: 1111
2023-07-14 19:52:19 [main] DEBUG Service.AccountCSVReader:42 - Логин: 7 000 000-00-02, Пароль: 1111
2023-07-14 19:52:19 [main] DEBUG Service.AccountCSVReader:42 - Логин: 7 000 000-00-03, Пароль: 1111
2023-07-14 19:52:19 [main] DEBUG Service.AccountCSVReader:42 - Логин: 7 000 000-00-04, Пароль: 1111
2023-07-14 19:52:19 [main] DEBUG Service.AccountCSVReader:42 - Логин: 7 000 000-00-05, Пароль: 1111
2023-07-14 19:52:19 [main] DEBUG Service.AccountCSVReader:42 - Логин: 7 000 000-00-06, Пароль: 1111
2023-07-14 19:52:19 [main] DEBUG Service.AccountCSVReader:42 - Логин: 7 421 000-05-33, Пароль: 1234
2023-07-14 19:52:19 [main] DEBUG Service.AccountCSVReader:42 - Логин: 7 421 000-05-85, Пароль: 1234
2023-07-14 19:52:19 [main] DEBUG Service.AccountCSVReader:42 - Логин: 7 421 000-05-99, Пароль: 1234
2023-07-14 19:52:19 [main] DEBUG Service.AccountCSVReader:42 - Логин: 7 421 000-06-92, Пароль: 1234
2023-07-14 19:52:19 [main] DEBUG Service.AccountCSVReader:42 - Логин: 7 421 000-07-97, Пароль: 1234
2023-07-14 19:52:19 [main] DEBUG Service.AccountCSVReader:42 - Логин: 7 421 000-00-41, Пароль: 1234
2023-07-14 19:52:19 [main] DEBUG Service.AccountCSVReader:42 - Логин: 7 421 000-04-22, Пароль: 1234
2023-07-14 19:52:19 [main] DEBUG Service.AccountCSVReader:42 - Логин: 7 421 000-01-01, Пароль: 1234
2023-07-14 19:52:19 [main] DEBUG Service.AccountCSVReader:42 - Логин: 7 421 000-02-63, Пароль: 1234
2023-07-14 19:52:19 [main] DEBUG Service.AccountCSVReader:42 - Логин: 7 421 000-02-70, Пароль: 1234
2023-07-14 19:52:19 [main] DEBUG Service.AccountCSVReader:42 - Логин: 7 421 000-02-89, Пароль: 1234
2023-07-14 19:52:19 [main] DEBUG Service.AccountCSVReader:42 - Логин: 7 421 000-03-02, Пароль: 1234
2023-07-14 19:52:19 [main] DEBUG Service.AccountCSVReader:42 - Логин: 7 421 000-04-31, Пароль: 1234
2023-07-14 19:52:21 [main] DEBUG Requests:54 - https://devsrv.ru/api/v1/driver/auth/login  {"phone":"7 000 000-00-01","pin_code":"1111"}
2023-07-14 19:52:24 [main] DEBUG Requests:70 - Статус сервера: 200
2023-07-14 19:52:24 [main] DEBUG Requests:83 - Запрос прошел удачно
2023-07-14 19:52:24 [main] DEBUG Requests:102 - {"result":{"user":{"id":9,"name":"Евгений Добрый","phone":"0000000001","pin_code":"1111","published":1,"created_at":"2023-02-02T08:16:29.000000Z","updated_at":"2023-02-14T05:10:38.000000Z"},"token":"852|7dq00KqGWgDu020U8TDeNGUIy7lxx8AGenhbDbpi"}}
